# JRE version: Java(TM) SE Runtime Environment (7.0_80-b15) (build 1.7.0_80-b15)
# Java VM: Java HotSpot(TM) Server VM (24.80-b11 mixed mode linux-x86 )
Heap
 PSYoungGen      total 26880K, used 1779K [0x9df40000, 0x9fb40000, 0xb34c0000)
  eden space 25088K, 0% used [0x9df40000,0x9df40000,0x9f7c0000)
  from space 1792K, 99% used [0x9f7c0000,0x9f97cf58,0x9f980000)
  to   space 1792K, 0% used [0x9f980000,0x9f980000,0x9fb40000)
 ParOldGen       total 32256K, used 9659K [0x734c0000, 0x75440000, 0x9df40000)
  object space 32256K, 29% used [0x734c0000,0x73e2ee80,0x75440000)
 PSPermGen       total 16384K, used 3954K [0x6f4c0000, 0x704c0000, 0x734c0000)
  object space 16384K, 24% used [0x6f4c0000,0x6f89c868,0x704c0000)
GC Heap History (9 events):
Event: 4.427 GC heap before
{Heap before GC invocations=1 (full 0):
 PSYoungGen      total 14336K, used 12544K [0x9df40000, 0x9ef00000, 0xb34c0000)
  eden space 12544K, 100% used [0x9df40000,0x9eb80000,0x9eb80000)
  from space 1792K, 0% used [0x9ed40000,0x9ed40000,0x9ef00000)
  to   space 1792K, 0% used [0x9eb80000,0x9eb80000,0x9ed40000)
 ParOldGen       total 32256K, used 0K [0x734c0000, 0x75440000, 0x9df40000)
  object space 32256K, 0% used [0x734c0000,0x734c0000,0x75440000)
 PSPermGen       total 16384K, used 3148K [0x6f4c0000, 0x704c0000, 0x734c0000)
  object space 16384K, 19% used [0x6f4c0000,0x6f7d3370,0x704c0000)
Event: 4.441 GC heap after
Heap after GC invocations=1 (full 0):
 PSYoungGen      total 14336K, used 1708K [0x9df40000, 0x9ef00000, 0xb34c0000)
  eden space 12544K, 0% used [0x9df40000,0x9df40000,0x9eb80000)
  from space 1792K, 95% used [0x9eb80000,0x9ed2b028,0x9ed40000)
  to   space 1792K, 0% used [0x9ed40000,0x9ed40000,0x9ef00000)
 ParOldGen       total 32256K, used 0K [0x734c0000, 0x75440000, 0x9df40000)
  object space 32256K, 0% used [0x734c0000,0x734c0000,0x75440000)
 PSPermGen       total 16384K, used 3148K [0x6f4c0000, 0x704c0000, 0x734c0000)
  object space 16384K, 19% used [0x6f4c0000,0x6f7d3370,0x704c0000)
}
Event: 6.914 GC heap before
{Heap before GC invocations=2 (full 0):
 PSYoungGen      total 14336K, used 14252K [0x9df40000, 0x9ef00000, 0xb34c0000)
  eden space 12544K, 100% used [0x9df40000,0x9eb80000,0x9eb80000)
  from space 1792K, 95% used [0x9eb80000,0x9ed2b028,0x9ed40000)
  to   space 1792K, 0% used [0x9ed40000,0x9ed40000,0x9ef00000)
 ParOldGen       total 32256K, used 0K [0x734c0000, 0x75440000, 0x9df40000)
  object space 32256K, 0% used [0x734c0000,0x734c0000,0x75440000)
 PSPermGen       total 16384K, used 3817K [0x6f4c0000, 0x704c0000, 0x734c0000)
  object space 16384K, 23% used [0x6f4c0000,0x6f87a648,0x704c0000)
Event: 6.948 GC heap after
Heap after GC invocations=2 (full 0):
 PSYoungGen      total 14336K, used 1785K [0x9df40000, 0x9ef00000, 0xb34c0000)
  eden space 12544K, 0% used [0x9df40000,0x9df40000,0x9eb80000)
  from space 1792K, 99% used [0x9ed40000,0x9eefe6d8,0x9ef00000)
  to   space 1792K, 0% used [0x9eb80000,0x9eb80000,0x9ed40000)
 ParOldGen       total 32256K, used 1715K [0x734c0000, 0x75440000, 0x9df40000)
  object space 32256K, 5% used [0x734c0000,0x7366cf98,0x75440000)
 PSPermGen       total 16384K, used 3817K [0x6f4c0000, 0x704c0000, 0x734c0000)
  object space 16384K, 23% used [0x6f4c0000,0x6f87a648,0x704c0000)
}
Event: 8.125 GC heap before
{Heap before GC invocations=3 (full 0):
 PSYoungGen      total 14336K, used 14329K [0x9df40000, 0x9ef00000, 0xb34c0000)
  eden space 12544K, 100% used [0x9df40000,0x9eb80000,0x9eb80000)
  from space 1792K, 99% used [0x9ed40000,0x9eefe6d8,0x9ef00000)
  to   space 1792K, 0% used [0x9eb80000,0x9eb80000,0x9ed40000)
 ParOldGen       total 32256K, used 1715K [0x734c0000, 0x75440000, 0x9df40000)
  object space 32256K, 5% used [0x734c0000,0x7366cf98,0x75440000)
 PSPermGen       total 16384K, used 3906K [0x6f4c0000, 0x704c0000, 0x734c0000)
  object space 16384K, 23% used [0x6f4c0000,0x6f890968,0x704c0000)
Event: 8.164 GC heap after
Heap after GC invocations=3 (full 0):
 PSYoungGen      total 14336K, used 1787K [0x9df40000, 0x9fb40000, 0xb34c0000)
  eden space 12544K, 0% used [0x9df40000,0x9df40000,0x9eb80000)
  from space 1792K, 99% used [0x9eb80000,0x9ed3ec90,0x9ed40000)
  to   space 1792K, 0% used [0x9f980000,0x9f980000,0x9fb40000)
 ParOldGen       total 32256K, used 3696K [0x734c0000, 0x75440000, 0x9df40000)
  object space 32256K, 11% used [0x734c0000,0x7385c338,0x75440000)
 PSPermGen       total 16384K, used 3906K [0x6f4c0000, 0x704c0000, 0x734c0000)
  object space 16384K, 23% used [0x6f4c0000,0x6f890968,0x704c0000)
}
Event: 9.655 GC heap before
{Heap before GC invocations=4 (full 0):
 PSYoungGen      total 14336K, used 14331K [0x9df40000, 0x9fb40000, 0xb34c0000)
  eden space 12544K, 100% used [0x9df40000,0x9eb80000,0x9eb80000)
  from space 1792K, 99% used [0x9eb80000,0x9ed3ec90,0x9ed40000)
  to   space 1792K, 0% used [0x9f980000,0x9f980000,0x9fb40000)
 ParOldGen       total 32256K, used 3696K [0x734c0000, 0x75440000, 0x9df40000)
  object space 32256K, 11% used [0x734c0000,0x7385c338,0x75440000)
 PSPermGen       total 16384K, used 3928K [0x6f4c0000, 0x704c0000, 0x734c0000)
  object space 16384K, 23% used [0x6f4c0000,0x6f896230,0x704c0000)
Event: 9.681 GC heap after
Heap after GC invocations=4 (full 0):
 PSYoungGen      total 26880K, used 1778K [0x9df40000, 0x9fb40000, 0xb34c0000)
  eden space 25088K, 0% used [0x9df40000,0x9df40000,0x9f7c0000)
  from space 1792K, 99% used [0x9f980000,0x9fb3cba8,0x9fb40000)
  to   space 1792K, 0% used [0x9f7c0000,0x9f7c0000,0x9f980000)
 ParOldGen       total 32256K, used 5755K [0x734c0000, 0x75440000, 0x9df40000)
  object space 32256K, 17% used [0x734c0000,0x73a5eea8,0x75440000)
 PSPermGen       total 16384K, used 3928K [0x6f4c0000, 0x704c0000, 0x734c0000)
  object space 16384K, 23% used [0x6f4c0000,0x6f896230,0x704c0000)
}
Event: 68.728 GC heap before
{Heap before GC invocations=5 (full 0):
 PSYoungGen      total 26880K, used 26866K [0x9df40000, 0x9fb40000, 0xb34c0000)
  eden space 25088K, 100% used [0x9df40000,0x9f7c0000,0x9f7c0000)
  from space 1792K, 99% used [0x9f980000,0x9fb3cba8,0x9fb40000)
  to   space 1792K, 0% used [0x9f7c0000,0x9f7c0000,0x9f980000)
 ParOldGen       total 32256K, used 5755K [0x734c0000, 0x75440000, 0x9df40000)
  object space 32256K, 17% used [0x734c0000,0x73a5eea8,0x75440000)
 PSPermGen       total 16384K, used 3954K [0x6f4c0000, 0x704c0000, 0x734c0000)
  object space 16384K, 24% used [0x6f4c0000,0x6f89c868,0x704c0000)

